{"C:\\_Development\\data-and-algorithms-visualization\\src\\algorithms\\sorting\\bubbleSort.ts": {"path":"C:\\_Development\\data-and-algorithms-visualization\\src\\algorithms\\sorting\\bubbleSort.ts","statementMap":{"0":{"start":{"line":3,"column":45},"end":{"line":21,"column":null}},"1":{"start":{"line":23,"column":30},"end":{"line":128,"column":null}},"2":{"start":{"line":131,"column":12},"end":{"line":131,"column":null}},"3":{"start":{"line":133,"column":2},"end":{"line":175,"column":null}},"4":{"start":{"line":133,"column":15},"end":{"line":133,"column":18}},"5":{"start":{"line":134,"column":18},"end":{"line":134,"column":null}},"6":{"start":{"line":136,"column":4},"end":{"line":155,"column":null}},"7":{"start":{"line":136,"column":17},"end":{"line":136,"column":20}},"8":{"start":{"line":138,"column":6},"end":{"line":142,"column":null}},"9":{"start":{"line":144,"column":6},"end":{"line":154,"column":null}},"10":{"start":{"line":146,"column":8},"end":{"line":146,"column":null}},"11":{"start":{"line":147,"column":8},"end":{"line":147,"column":null}},"12":{"start":{"line":149,"column":8},"end":{"line":153,"column":null}},"13":{"start":{"line":158,"column":4},"end":{"line":162,"column":null}},"14":{"start":{"line":164,"column":4},"end":{"line":174,"column":null}},"15":{"start":{"line":166,"column":6},"end":{"line":172,"column":null}},"16":{"start":{"line":166,"column":19},"end":{"line":166,"column":22}},"17":{"start":{"line":167,"column":8},"end":{"line":171,"column":null}},"18":{"start":{"line":173,"column":6},"end":{"line":173,"column":null}},"19":{"start":{"line":178,"column":2},"end":{"line":182,"column":null}}},"fnMap":{"0":{"name":"bubbleSort","decl":{"start":{"line":130,"column":17},"end":{"line":130,"column":28}},"loc":{"start":{"line":130,"column":69},"end":{"line":183,"column":null}},"line":130}},"branchMap":{"0":{"loc":{"start":{"line":144,"column":6},"end":{"line":154,"column":null}},"type":"if","locations":[{"start":{"line":144,"column":6},"end":{"line":154,"column":null}},{"start":{},"end":{}}],"line":144},"1":{"loc":{"start":{"line":164,"column":4},"end":{"line":174,"column":null}},"type":"if","locations":[{"start":{"line":164,"column":4},"end":{"line":174,"column":null}},{"start":{},"end":{}}],"line":164}},"s":{"0":1,"1":1,"2":6,"3":6,"4":6,"5":10,"6":10,"7":10,"8":26,"9":26,"10":10,"11":10,"12":10,"13":10,"14":10,"15":4,"16":4,"17":8,"18":4,"19":6},"f":{"0":6},"b":{"0":[10,16],"1":[4,6]},"meta":{"lastBranch":2,"lastFunction":1,"lastStatement":20,"seen":{"s:3:45:21:Infinity":0,"s:23:30:128:Infinity":1,"f:130:17:130:28":0,"s:131:12:131:Infinity":2,"s:133:2:175:Infinity":3,"s:133:15:133:18":4,"s:134:18:134:Infinity":5,"s:136:4:155:Infinity":6,"s:136:17:136:20":7,"s:138:6:142:Infinity":8,"b:144:6:154:Infinity:undefined:undefined:undefined:undefined":0,"s:144:6:154:Infinity":9,"s:146:8:146:Infinity":10,"s:147:8:147:Infinity":11,"s:149:8:153:Infinity":12,"s:158:4:162:Infinity":13,"b:164:4:174:Infinity:undefined:undefined:undefined:undefined":1,"s:164:4:174:Infinity":14,"s:166:6:172:Infinity":15,"s:166:19:166:22":16,"s:167:8:171:Infinity":17,"s:173:6:173:Infinity":18,"s:178:2:182:Infinity":19}}}
,"C:\\_Development\\data-and-algorithms-visualization\\src\\algorithms\\sorting\\mergeSort.ts": {"path":"C:\\_Development\\data-and-algorithms-visualization\\src\\algorithms\\sorting\\mergeSort.ts","statementMap":{"0":{"start":{"line":3,"column":44},"end":{"line":21,"column":null}},"1":{"start":{"line":23,"column":29},"end":{"line":168,"column":null}},"2":{"start":{"line":171,"column":2},"end":{"line":171,"column":null}},"3":{"start":{"line":173,"column":2},"end":{"line":177,"column":null}},"4":{"start":{"line":175,"column":58},"end":{"line":175,"column":59}},"5":{"start":{"line":181,"column":2},"end":{"line":181,"column":null}},"6":{"start":{"line":181,"column":25},"end":{"line":181,"column":32}},"7":{"start":{"line":183,"column":14},"end":{"line":183,"column":null}},"8":{"start":{"line":185,"column":2},"end":{"line":185,"column":null}},"9":{"start":{"line":186,"column":2},"end":{"line":186,"column":null}},"10":{"start":{"line":187,"column":2},"end":{"line":187,"column":null}},"11":{"start":{"line":191,"column":15},"end":{"line":191,"column":null}},"12":{"start":{"line":192,"column":16},"end":{"line":192,"column":null}},"13":{"start":{"line":193,"column":10},"end":{"line":193,"column":null}},"14":{"start":{"line":194,"column":10},"end":{"line":194,"column":null}},"15":{"start":{"line":195,"column":10},"end":{"line":195,"column":null}},"16":{"start":{"line":197,"column":2},"end":{"line":218,"column":null}},"17":{"start":{"line":198,"column":4},"end":{"line":202,"column":null}},"18":{"start":{"line":204,"column":4},"end":{"line":210,"column":null}},"19":{"start":{"line":205,"column":6},"end":{"line":205,"column":null}},"20":{"start":{"line":206,"column":6},"end":{"line":206,"column":null}},"21":{"start":{"line":208,"column":6},"end":{"line":208,"column":null}},"22":{"start":{"line":209,"column":6},"end":{"line":209,"column":null}},"23":{"start":{"line":212,"column":4},"end":{"line":216,"column":null}},"24":{"start":{"line":217,"column":4},"end":{"line":217,"column":null}},"25":{"start":{"line":220,"column":2},"end":{"line":229,"column":null}},"26":{"start":{"line":221,"column":4},"end":{"line":221,"column":null}},"27":{"start":{"line":222,"column":4},"end":{"line":226,"column":null}},"28":{"start":{"line":227,"column":4},"end":{"line":227,"column":null}},"29":{"start":{"line":228,"column":4},"end":{"line":228,"column":null}},"30":{"start":{"line":231,"column":2},"end":{"line":240,"column":null}},"31":{"start":{"line":232,"column":4},"end":{"line":232,"column":null}},"32":{"start":{"line":233,"column":4},"end":{"line":237,"column":null}},"33":{"start":{"line":238,"column":4},"end":{"line":238,"column":null}},"34":{"start":{"line":239,"column":4},"end":{"line":239,"column":null}},"35":{"start":{"line":243,"column":2},"end":{"line":249,"column":null}},"36":{"start":{"line":243,"column":17},"end":{"line":243,"column":24}},"37":{"start":{"line":244,"column":4},"end":{"line":248,"column":null}}},"fnMap":{"0":{"name":"mergeSort","decl":{"start":{"line":170,"column":17},"end":{"line":170,"column":27}},"loc":{"start":{"line":170,"column":68},"end":{"line":178,"column":null}},"line":170},"1":{"name":"(anonymous_1)","decl":{"start":{"line":175,"column":48},"end":{"line":175,"column":49}},"loc":{"start":{"line":175,"column":58},"end":{"line":175,"column":59}},"line":175},"2":{"name":"mergeSortHelper","decl":{"start":{"line":180,"column":10},"end":{"line":180,"column":26}},"loc":{"start":{"line":180,"column":95},"end":{"line":188,"column":null}},"line":180},"3":{"name":"merge","decl":{"start":{"line":190,"column":10},"end":{"line":190,"column":16}},"loc":{"start":{"line":190,"column":98},"end":{"line":250,"column":null}},"line":190}},"branchMap":{"0":{"loc":{"start":{"line":181,"column":2},"end":{"line":181,"column":null}},"type":"if","locations":[{"start":{"line":181,"column":2},"end":{"line":181,"column":null}},{"start":{},"end":{}}],"line":181},"1":{"loc":{"start":{"line":197,"column":9},"end":{"line":197,"column":46}},"type":"binary-expr","locations":[{"start":{"line":197,"column":9},"end":{"line":197,"column":28}},{"start":{"line":197,"column":28},"end":{"line":197,"column":46}}],"line":197},"2":{"loc":{"start":{"line":204,"column":4},"end":{"line":210,"column":null}},"type":"if","locations":[{"start":{"line":204,"column":4},"end":{"line":210,"column":null}},{"start":{"line":207,"column":11},"end":{"line":210,"column":null}}],"line":204}},"s":{"0":1,"1":1,"2":7,"3":7,"4":24,"5":43,"6":25,"7":18,"8":18,"9":18,"10":18,"11":18,"12":18,"13":18,"14":18,"15":18,"16":18,"17":31,"18":31,"19":19,"20":19,"21":12,"22":12,"23":31,"24":31,"25":18,"26":12,"27":12,"28":12,"29":12,"30":18,"31":10,"32":10,"33":10,"34":10,"35":18,"36":18,"37":53},"f":{"0":7,"1":24,"2":43,"3":18},"b":{"0":[25,18],"1":[18,40],"2":[19,12]},"meta":{"lastBranch":3,"lastFunction":4,"lastStatement":38,"seen":{"s:3:44:21:Infinity":0,"s:23:29:168:Infinity":1,"f:170:17:170:27":0,"s:171:2:171:Infinity":2,"s:173:2:177:Infinity":3,"f:175:48:175:49":1,"s:175:58:175:59":4,"f:180:10:180:26":2,"b:181:2:181:Infinity:undefined:undefined:undefined:undefined":0,"s:181:2:181:Infinity":5,"s:181:25:181:32":6,"s:183:14:183:Infinity":7,"s:185:2:185:Infinity":8,"s:186:2:186:Infinity":9,"s:187:2:187:Infinity":10,"f:190:10:190:16":3,"s:191:15:191:Infinity":11,"s:192:16:192:Infinity":12,"s:193:10:193:Infinity":13,"s:194:10:194:Infinity":14,"s:195:10:195:Infinity":15,"s:197:2:218:Infinity":16,"b:197:9:197:28:197:28:197:46":1,"s:198:4:202:Infinity":17,"b:204:4:210:Infinity:207:11:210:Infinity":2,"s:204:4:210:Infinity":18,"s:205:6:205:Infinity":19,"s:206:6:206:Infinity":20,"s:208:6:208:Infinity":21,"s:209:6:209:Infinity":22,"s:212:4:216:Infinity":23,"s:217:4:217:Infinity":24,"s:220:2:229:Infinity":25,"s:221:4:221:Infinity":26,"s:222:4:226:Infinity":27,"s:227:4:227:Infinity":28,"s:228:4:228:Infinity":29,"s:231:2:240:Infinity":30,"s:232:4:232:Infinity":31,"s:233:4:237:Infinity":32,"s:238:4:238:Infinity":33,"s:239:4:239:Infinity":34,"s:243:2:249:Infinity":35,"s:243:17:243:24":36,"s:244:4:248:Infinity":37}}}
,"C:\\_Development\\data-and-algorithms-visualization\\src\\algorithms\\sorting\\quickSort.ts": {"path":"C:\\_Development\\data-and-algorithms-visualization\\src\\algorithms\\sorting\\quickSort.ts","statementMap":{"0":{"start":{"line":3,"column":44},"end":{"line":21,"column":null}},"1":{"start":{"line":23,"column":29},"end":{"line":143,"column":null}},"2":{"start":{"line":146,"column":2},"end":{"line":146,"column":null}},"3":{"start":{"line":148,"column":2},"end":{"line":152,"column":null}},"4":{"start":{"line":150,"column":58},"end":{"line":150,"column":59}},"5":{"start":{"line":156,"column":2},"end":{"line":160,"column":null}},"6":{"start":{"line":157,"column":23},"end":{"line":157,"column":null}},"7":{"start":{"line":158,"column":4},"end":{"line":158,"column":null}},"8":{"start":{"line":159,"column":4},"end":{"line":159,"column":null}},"9":{"start":{"line":164,"column":16},"end":{"line":164,"column":null}},"10":{"start":{"line":165,"column":10},"end":{"line":165,"column":null}},"11":{"start":{"line":167,"column":2},"end":{"line":171,"column":null}},"12":{"start":{"line":173,"column":2},"end":{"line":191,"column":null}},"13":{"start":{"line":173,"column":15},"end":{"line":173,"column":20}},"14":{"start":{"line":174,"column":4},"end":{"line":178,"column":null}},"15":{"start":{"line":180,"column":4},"end":{"line":190,"column":null}},"16":{"start":{"line":181,"column":6},"end":{"line":181,"column":null}},"17":{"start":{"line":182,"column":6},"end":{"line":189,"column":null}},"18":{"start":{"line":183,"column":8},"end":{"line":183,"column":null}},"19":{"start":{"line":184,"column":8},"end":{"line":188,"column":null}},"20":{"start":{"line":193,"column":2},"end":{"line":193,"column":null}},"21":{"start":{"line":194,"column":2},"end":{"line":198,"column":null}},"22":{"start":{"line":200,"column":2},"end":{"line":204,"column":null}},"23":{"start":{"line":206,"column":2},"end":{"line":206,"column":null}}},"fnMap":{"0":{"name":"quickSort","decl":{"start":{"line":145,"column":17},"end":{"line":145,"column":27}},"loc":{"start":{"line":145,"column":68},"end":{"line":153,"column":null}},"line":145},"1":{"name":"(anonymous_1)","decl":{"start":{"line":150,"column":48},"end":{"line":150,"column":49}},"loc":{"start":{"line":150,"column":58},"end":{"line":150,"column":59}},"line":150},"2":{"name":"quickSortHelper","decl":{"start":{"line":155,"column":10},"end":{"line":155,"column":26}},"loc":{"start":{"line":155,"column":94},"end":{"line":161,"column":null}},"line":155},"3":{"name":"partition","decl":{"start":{"line":163,"column":10},"end":{"line":163,"column":20}},"loc":{"start":{"line":163,"column":96},"end":{"line":207,"column":null}},"line":163}},"branchMap":{"0":{"loc":{"start":{"line":156,"column":2},"end":{"line":160,"column":null}},"type":"if","locations":[{"start":{"line":156,"column":2},"end":{"line":160,"column":null}},{"start":{},"end":{}}],"line":156},"1":{"loc":{"start":{"line":180,"column":4},"end":{"line":190,"column":null}},"type":"if","locations":[{"start":{"line":180,"column":4},"end":{"line":190,"column":null}},{"start":{},"end":{}}],"line":180},"2":{"loc":{"start":{"line":182,"column":6},"end":{"line":189,"column":null}},"type":"if","locations":[{"start":{"line":182,"column":6},"end":{"line":189,"column":null}},{"start":{},"end":{}}],"line":182}},"s":{"0":1,"1":1,"2":7,"3":7,"4":24,"5":37,"6":15,"7":15,"8":15,"9":15,"10":15,"11":15,"12":15,"13":15,"14":38,"15":38,"16":23,"17":23,"18":4,"19":4,"20":15,"21":15,"22":15,"23":15},"f":{"0":7,"1":24,"2":37,"3":15},"b":{"0":[15,22],"1":[23,15],"2":[4,19]},"meta":{"lastBranch":3,"lastFunction":4,"lastStatement":24,"seen":{"s:3:44:21:Infinity":0,"s:23:29:143:Infinity":1,"f:145:17:145:27":0,"s:146:2:146:Infinity":2,"s:148:2:152:Infinity":3,"f:150:48:150:49":1,"s:150:58:150:59":4,"f:155:10:155:26":2,"b:156:2:160:Infinity:undefined:undefined:undefined:undefined":0,"s:156:2:160:Infinity":5,"s:157:23:157:Infinity":6,"s:158:4:158:Infinity":7,"s:159:4:159:Infinity":8,"f:163:10:163:20":3,"s:164:16:164:Infinity":9,"s:165:10:165:Infinity":10,"s:167:2:171:Infinity":11,"s:173:2:191:Infinity":12,"s:173:15:173:20":13,"s:174:4:178:Infinity":14,"b:180:4:190:Infinity:undefined:undefined:undefined:undefined":1,"s:180:4:190:Infinity":15,"s:181:6:181:Infinity":16,"b:182:6:189:Infinity:undefined:undefined:undefined:undefined":2,"s:182:6:189:Infinity":17,"s:183:8:183:Infinity":18,"s:184:8:188:Infinity":19,"s:193:2:193:Infinity":20,"s:194:2:198:Infinity":21,"s:200:2:204:Infinity":22,"s:206:2:206:Infinity":23}}}
,"C:\\_Development\\data-and-algorithms-visualization\\src\\dataStructures\\linear\\stack.ts": {"path":"C:\\_Development\\data-and-algorithms-visualization\\src\\dataStructures\\linear\\stack.ts","statementMap":{"0":{"start":{"line":12,"column":2},"end":{"line":19,"column":null}},"1":{"start":{"line":13,"column":4},"end":{"line":17,"column":null}},"2":{"start":{"line":18,"column":4},"end":{"line":18,"column":null}},"3":{"start":{"line":21,"column":2},"end":{"line":25,"column":null}},"4":{"start":{"line":27,"column":2},"end":{"line":27,"column":null}},"5":{"start":{"line":28,"column":19},"end":{"line":28,"column":null}},"6":{"start":{"line":30,"column":2},"end":{"line":34,"column":null}},"7":{"start":{"line":36,"column":2},"end":{"line":40,"column":null}},"8":{"start":{"line":48,"column":2},"end":{"line":55,"column":null}},"9":{"start":{"line":49,"column":4},"end":{"line":53,"column":null}},"10":{"start":{"line":54,"column":4},"end":{"line":54,"column":null}},"11":{"start":{"line":57,"column":19},"end":{"line":57,"column":null}},"12":{"start":{"line":58,"column":22},"end":{"line":58,"column":null}},"13":{"start":{"line":60,"column":2},"end":{"line":64,"column":null}},"14":{"start":{"line":66,"column":2},"end":{"line":70,"column":null}},"15":{"start":{"line":72,"column":2},"end":{"line":72,"column":null}},"16":{"start":{"line":74,"column":2},"end":{"line":86,"column":null}},"17":{"start":{"line":75,"column":4},"end":{"line":79,"column":null}},"18":{"start":{"line":81,"column":4},"end":{"line":85,"column":null}},"19":{"start":{"line":94,"column":2},"end":{"line":101,"column":null}},"20":{"start":{"line":95,"column":4},"end":{"line":99,"column":null}},"21":{"start":{"line":100,"column":4},"end":{"line":100,"column":null}},"22":{"start":{"line":103,"column":19},"end":{"line":103,"column":null}},"23":{"start":{"line":104,"column":19},"end":{"line":104,"column":null}},"24":{"start":{"line":106,"column":2},"end":{"line":110,"column":null}},"25":{"start":{"line":112,"column":2},"end":{"line":116,"column":null}},"26":{"start":{"line":124,"column":2},"end":{"line":131,"column":null}},"27":{"start":{"line":125,"column":4},"end":{"line":129,"column":null}},"28":{"start":{"line":130,"column":4},"end":{"line":130,"column":null}},"29":{"start":{"line":133,"column":2},"end":{"line":137,"column":null}},"30":{"start":{"line":140,"column":2},"end":{"line":155,"column":null}},"31":{"start":{"line":140,"column":15},"end":{"line":140,"column":33}},"32":{"start":{"line":141,"column":4},"end":{"line":145,"column":null}},"33":{"start":{"line":147,"column":4},"end":{"line":154,"column":null}},"34":{"start":{"line":148,"column":6},"end":{"line":152,"column":null}},"35":{"start":{"line":153,"column":6},"end":{"line":153,"column":null}},"36":{"start":{"line":157,"column":2},"end":{"line":161,"column":null}},"37":{"start":{"line":169,"column":2},"end":{"line":173,"column":null}},"38":{"start":{"line":175,"column":18},"end":{"line":175,"column":null}},"39":{"start":{"line":177,"column":2},"end":{"line":181,"column":null}},"40":{"start":{"line":189,"column":2},"end":{"line":193,"column":null}},"41":{"start":{"line":191,"column":79},"end":{"line":191,"column":80}},"42":{"start":{"line":195,"column":2},"end":{"line":199,"column":null}},"43":{"start":{"line":197,"column":79},"end":{"line":197,"column":80}},"44":{"start":{"line":205,"column":31},"end":{"line":230,"column":null}}},"fnMap":{"0":{"name":"stackPush","decl":{"start":{"line":7,"column":17},"end":{"line":7,"column":null}},"loc":{"start":{"line":11,"column":28},"end":{"line":41,"column":null}},"line":11},"1":{"name":"stackPop","decl":{"start":{"line":47,"column":17},"end":{"line":47,"column":26}},"loc":{"start":{"line":47,"column":69},"end":{"line":87,"column":null}},"line":47},"2":{"name":"stackPeek","decl":{"start":{"line":93,"column":17},"end":{"line":93,"column":27}},"loc":{"start":{"line":93,"column":70},"end":{"line":117,"column":null}},"line":93},"3":{"name":"stackSearch","decl":{"start":{"line":123,"column":17},"end":{"line":123,"column":29}},"loc":{"start":{"line":123,"column":88},"end":{"line":162,"column":null}},"line":123},"4":{"name":"stackIsEmpty","decl":{"start":{"line":168,"column":17},"end":{"line":168,"column":30}},"loc":{"start":{"line":168,"column":73},"end":{"line":182,"column":null}},"line":168},"5":{"name":"stackSize","decl":{"start":{"line":188,"column":17},"end":{"line":188,"column":27}},"loc":{"start":{"line":188,"column":70},"end":{"line":200,"column":null}},"line":188},"6":{"name":"(anonymous_6)","decl":{"start":{"line":191,"column":69},"end":{"line":191,"column":70}},"loc":{"start":{"line":191,"column":79},"end":{"line":191,"column":80}},"line":191},"7":{"name":"(anonymous_7)","decl":{"start":{"line":197,"column":69},"end":{"line":197,"column":70}},"loc":{"start":{"line":197,"column":79},"end":{"line":197,"column":80}},"line":197}},"branchMap":{"0":{"loc":{"start":{"line":12,"column":2},"end":{"line":19,"column":null}},"type":"if","locations":[{"start":{"line":12,"column":2},"end":{"line":19,"column":null}},{"start":{},"end":{}}],"line":12},"1":{"loc":{"start":{"line":12,"column":6},"end":{"line":12,"column":44}},"type":"binary-expr","locations":[{"start":{"line":12,"column":6},"end":{"line":12,"column":18}},{"start":{"line":12,"column":18},"end":{"line":12,"column":44}}],"line":12},"2":{"loc":{"start":{"line":48,"column":2},"end":{"line":55,"column":null}},"type":"if","locations":[{"start":{"line":48,"column":2},"end":{"line":55,"column":null}},{"start":{},"end":{}}],"line":48},"3":{"loc":{"start":{"line":74,"column":2},"end":{"line":86,"column":null}},"type":"if","locations":[{"start":{"line":74,"column":2},"end":{"line":86,"column":null}},{"start":{"line":80,"column":9},"end":{"line":86,"column":null}}],"line":74},"4":{"loc":{"start":{"line":94,"column":2},"end":{"line":101,"column":null}},"type":"if","locations":[{"start":{"line":94,"column":2},"end":{"line":101,"column":null}},{"start":{},"end":{}}],"line":94},"5":{"loc":{"start":{"line":124,"column":2},"end":{"line":131,"column":null}},"type":"if","locations":[{"start":{"line":124,"column":2},"end":{"line":131,"column":null}},{"start":{},"end":{}}],"line":124},"6":{"loc":{"start":{"line":144,"column":73},"end":{"line":144,"column":106}},"type":"cond-expr","locations":[{"start":{"line":144,"column":95},"end":{"line":144,"column":102}},{"start":{"line":144,"column":102},"end":{"line":144,"column":106}}],"line":144},"7":{"loc":{"start":{"line":147,"column":4},"end":{"line":154,"column":null}},"type":"if","locations":[{"start":{"line":147,"column":4},"end":{"line":154,"column":null}},{"start":{},"end":{}}],"line":147},"8":{"loc":{"start":{"line":178,"column":10},"end":{"line":178,"column":null}},"type":"cond-expr","locations":[{"start":{"line":178,"column":20},"end":{"line":178,"column":34}},{"start":{"line":178,"column":34},"end":{"line":178,"column":null}}],"line":178},"9":{"loc":{"start":{"line":179,"column":13},"end":{"line":179,"column":null}},"type":"cond-expr","locations":[{"start":{"line":179,"column":23},"end":{"line":179,"column":28}},{"start":{"line":179,"column":28},"end":{"line":179,"column":null}}],"line":179},"10":{"loc":{"start":{"line":180,"column":29},"end":{"line":180,"column":60}},"type":"cond-expr","locations":[{"start":{"line":180,"column":39},"end":{"line":180,"column":49}},{"start":{"line":180,"column":49},"end":{"line":180,"column":60}}],"line":180},"11":{"loc":{"start":{"line":191,"column":13},"end":{"line":191,"column":null}},"type":"cond-expr","locations":[{"start":{"line":191,"column":32},"end":{"line":191,"column":84}},{"start":{"line":191,"column":84},"end":{"line":191,"column":null}}],"line":191},"12":{"loc":{"start":{"line":197,"column":13},"end":{"line":197,"column":null}},"type":"cond-expr","locations":[{"start":{"line":197,"column":32},"end":{"line":197,"column":84}},{"start":{"line":197,"column":84},"end":{"line":197,"column":null}}],"line":197},"13":{"loc":{"start":{"line":198,"column":55},"end":{"line":198,"column":84}},"type":"cond-expr","locations":[{"start":{"line":198,"column":76},"end":{"line":198,"column":82}},{"start":{"line":198,"column":82},"end":{"line":198,"column":84}}],"line":198}},"s":{"0":3,"1":1,"2":1,"3":2,"4":2,"5":2,"6":2,"7":2,"8":3,"9":1,"10":1,"11":2,"12":2,"13":2,"14":2,"15":2,"16":2,"17":1,"18":1,"19":2,"20":1,"21":1,"22":1,"23":1,"24":1,"25":1,"26":3,"27":1,"28":1,"29":2,"30":2,"31":2,"32":5,"33":5,"34":1,"35":1,"36":1,"37":2,"38":2,"39":2,"40":1,"41":3,"42":1,"43":3,"44":1},"f":{"0":3,"1":3,"2":2,"3":3,"4":2,"5":1,"6":3,"7":3},"b":{"0":[1,2],"1":[3,1],"2":[1,2],"3":[1,1],"4":[1,1],"5":[1,2],"6":[1,4],"7":[1,4],"8":[1,1],"9":[1,1],"10":[1,1],"11":[1,0],"12":[1,0],"13":[1,0]},"meta":{"lastBranch":14,"lastFunction":8,"lastStatement":45,"seen":{"f:7:17:7:Infinity":0,"b:12:2:19:Infinity:undefined:undefined:undefined:undefined":0,"s:12:2:19:Infinity":0,"b:12:6:12:18:12:18:12:44":1,"s:13:4:17:Infinity":1,"s:18:4:18:Infinity":2,"s:21:2:25:Infinity":3,"s:27:2:27:Infinity":4,"s:28:19:28:Infinity":5,"s:30:2:34:Infinity":6,"s:36:2:40:Infinity":7,"f:47:17:47:26":1,"b:48:2:55:Infinity:undefined:undefined:undefined:undefined":2,"s:48:2:55:Infinity":8,"s:49:4:53:Infinity":9,"s:54:4:54:Infinity":10,"s:57:19:57:Infinity":11,"s:58:22:58:Infinity":12,"s:60:2:64:Infinity":13,"s:66:2:70:Infinity":14,"s:72:2:72:Infinity":15,"b:74:2:86:Infinity:80:9:86:Infinity":3,"s:74:2:86:Infinity":16,"s:75:4:79:Infinity":17,"s:81:4:85:Infinity":18,"f:93:17:93:27":2,"b:94:2:101:Infinity:undefined:undefined:undefined:undefined":4,"s:94:2:101:Infinity":19,"s:95:4:99:Infinity":20,"s:100:4:100:Infinity":21,"s:103:19:103:Infinity":22,"s:104:19:104:Infinity":23,"s:106:2:110:Infinity":24,"s:112:2:116:Infinity":25,"f:123:17:123:29":3,"b:124:2:131:Infinity:undefined:undefined:undefined:undefined":5,"s:124:2:131:Infinity":26,"s:125:4:129:Infinity":27,"s:130:4:130:Infinity":28,"s:133:2:137:Infinity":29,"s:140:2:155:Infinity":30,"s:140:15:140:33":31,"s:141:4:145:Infinity":32,"b:144:95:144:102:144:102:144:106":6,"b:147:4:154:Infinity:undefined:undefined:undefined:undefined":7,"s:147:4:154:Infinity":33,"s:148:6:152:Infinity":34,"s:153:6:153:Infinity":35,"s:157:2:161:Infinity":36,"f:168:17:168:30":4,"s:169:2:173:Infinity":37,"s:175:18:175:Infinity":38,"s:177:2:181:Infinity":39,"b:178:20:178:34:178:34:178:Infinity":8,"b:179:23:179:28:179:28:179:Infinity":9,"b:180:39:180:49:180:49:180:60":10,"f:188:17:188:27":5,"s:189:2:193:Infinity":40,"b:191:32:191:84:191:84:191:Infinity":11,"f:191:69:191:70":6,"s:191:79:191:80":41,"s:195:2:199:Infinity":42,"b:197:32:197:84:197:84:197:Infinity":12,"f:197:69:197:70":7,"s:197:79:197:80":43,"b:198:76:198:82:198:82:198:84":13,"s:205:31:230:Infinity":44}}}
,"C:\\_Development\\data-and-algorithms-visualization\\src\\utils\\helpers.ts": {"path":"C:\\_Development\\data-and-algorithms-visualization\\src\\utils\\helpers.ts","statementMap":{"0":{"start":{"line":4,"column":33},"end":{"line":7,"column":null}},"1":{"start":{"line":5,"column":20},"end":{"line":5,"column":null}},"2":{"start":{"line":6,"column":2},"end":{"line":6,"column":null}},"3":{"start":{"line":12,"column":21},"end":{"line":14,"column":null}},"4":{"start":{"line":13,"column":2},"end":{"line":13,"column":null}},"5":{"start":{"line":13,"column":34},"end":{"line":13,"column":57}},"6":{"start":{"line":19,"column":35},"end":{"line":21,"column":null}},"7":{"start":{"line":20,"column":2},"end":{"line":20,"column":null}},"8":{"start":{"line":20,"column":44},"end":{"line":20,"column":93}},"9":{"start":{"line":26,"column":35},"end":{"line":29,"column":null}},"10":{"start":{"line":27,"column":14},"end":{"line":27,"column":null}},"11":{"start":{"line":28,"column":2},"end":{"line":28,"column":null}},"12":{"start":{"line":28,"column":28},"end":{"line":28,"column":33}},"13":{"start":{"line":34,"column":42},"end":{"line":37,"column":null}},"14":{"start":{"line":35,"column":14},"end":{"line":35,"column":null}},"15":{"start":{"line":36,"column":2},"end":{"line":36,"column":null}},"16":{"start":{"line":36,"column":28},"end":{"line":36,"column":33}},"17":{"start":{"line":42,"column":41},"end":{"line":53,"column":null}},"18":{"start":{"line":43,"column":14},"end":{"line":43,"column":null}},"19":{"start":{"line":44,"column":16},"end":{"line":44,"column":null}},"20":{"start":{"line":46,"column":2},"end":{"line":50,"column":null}},"21":{"start":{"line":46,"column":15},"end":{"line":46,"column":18}},"22":{"start":{"line":47,"column":17},"end":{"line":47,"column":null}},"23":{"start":{"line":48,"column":17},"end":{"line":48,"column":null}},"24":{"start":{"line":49,"column":4},"end":{"line":49,"column":null}},"25":{"start":{"line":52,"column":2},"end":{"line":52,"column":null}},"26":{"start":{"line":58,"column":21},"end":{"line":60,"column":null}},"27":{"start":{"line":59,"column":2},"end":{"line":59,"column":null}},"28":{"start":{"line":65,"column":28},"end":{"line":67,"column":null}},"29":{"start":{"line":66,"column":2},"end":{"line":66,"column":null}},"30":{"start":{"line":72,"column":32},"end":{"line":79,"column":null}},"31":{"start":{"line":73,"column":2},"end":{"line":78,"column":null}},"32":{"start":{"line":75,"column":16},"end":{"line":75,"column":24}},"33":{"start":{"line":76,"column":19},"end":{"line":76,"column":27}},"34":{"start":{"line":78,"column":19},"end":{"line":78,"column":28}},"35":{"start":{"line":84,"column":35},"end":{"line":89,"column":null}},"36":{"start":{"line":85,"column":2},"end":{"line":87,"column":null}},"37":{"start":{"line":86,"column":4},"end":{"line":86,"column":null}},"38":{"start":{"line":88,"column":2},"end":{"line":88,"column":null}},"39":{"start":{"line":88,"column":26},"end":{"line":88,"column":75}},"40":{"start":{"line":94,"column":20},"end":{"line":96,"column":null}},"41":{"start":{"line":95,"column":2},"end":{"line":95,"column":null}},"42":{"start":{"line":101,"column":24},"end":{"line":108,"column":null}},"43":{"start":{"line":102,"column":2},"end":{"line":106,"column":null}},"44":{"start":{"line":102,"column":15},"end":{"line":102,"column":18}},"45":{"start":{"line":103,"column":4},"end":{"line":105,"column":null}},"46":{"start":{"line":104,"column":6},"end":{"line":104,"column":null}},"47":{"start":{"line":107,"column":2},"end":{"line":107,"column":null}},"48":{"start":{"line":113,"column":26},"end":{"line":118,"column":null}},"49":{"start":{"line":114,"column":2},"end":{"line":116,"column":null}},"50":{"start":{"line":115,"column":4},"end":{"line":115,"column":null}},"51":{"start":{"line":117,"column":2},"end":{"line":117,"column":null}},"52":{"start":{"line":117,"column":36},"end":{"line":117,"column":55}}},"fnMap":{"0":{"name":"(anonymous_0)","decl":{"start":{"line":4,"column":33},"end":{"line":4,"column":34}},"loc":{"start":{"line":4,"column":60},"end":{"line":7,"column":null}},"line":4},"1":{"name":"(anonymous_1)","decl":{"start":{"line":12,"column":21},"end":{"line":12,"column":22}},"loc":{"start":{"line":12,"column":52},"end":{"line":14,"column":null}},"line":12},"2":{"name":"(anonymous_2)","decl":{"start":{"line":13,"column":21},"end":{"line":13,"column":22}},"loc":{"start":{"line":13,"column":34},"end":{"line":13,"column":57}},"line":13},"3":{"name":"(anonymous_3)","decl":{"start":{"line":19,"column":35},"end":{"line":19,"column":36}},"loc":{"start":{"line":19,"column":83},"end":{"line":21,"column":null}},"line":19},"4":{"name":"(anonymous_4)","decl":{"start":{"line":20,"column":38},"end":{"line":20,"column":44}},"loc":{"start":{"line":20,"column":44},"end":{"line":20,"column":93}},"line":20},"5":{"name":"(anonymous_5)","decl":{"start":{"line":26,"column":35},"end":{"line":26,"column":36}},"loc":{"start":{"line":26,"column":83},"end":{"line":29,"column":null}},"line":26},"6":{"name":"(anonymous_6)","decl":{"start":{"line":28,"column":18},"end":{"line":28,"column":19}},"loc":{"start":{"line":28,"column":28},"end":{"line":28,"column":33}},"line":28},"7":{"name":"(anonymous_7)","decl":{"start":{"line":34,"column":42},"end":{"line":34,"column":43}},"loc":{"start":{"line":34,"column":90},"end":{"line":37,"column":null}},"line":34},"8":{"name":"(anonymous_8)","decl":{"start":{"line":36,"column":18},"end":{"line":36,"column":19}},"loc":{"start":{"line":36,"column":28},"end":{"line":36,"column":33}},"line":36},"9":{"name":"(anonymous_9)","decl":{"start":{"line":42,"column":41},"end":{"line":42,"column":42}},"loc":{"start":{"line":42,"column":89},"end":{"line":53,"column":null}},"line":42},"10":{"name":"(anonymous_10)","decl":{"start":{"line":58,"column":21},"end":{"line":58,"column":22}},"loc":{"start":{"line":58,"column":74},"end":{"line":60,"column":null}},"line":58},"11":{"name":"(anonymous_11)","decl":{"start":{"line":65,"column":28},"end":{"line":65,"column":29}},"loc":{"start":{"line":65,"column":67},"end":{"line":67,"column":null}},"line":65},"12":{"name":"(anonymous_12)","decl":{"start":{"line":72,"column":32},"end":{"line":72,"column":33}},"loc":{"start":{"line":72,"column":61},"end":{"line":79,"column":null}},"line":72},"13":{"name":"(anonymous_13)","decl":{"start":{"line":75,"column":9},"end":{"line":75,"column":10}},"loc":{"start":{"line":75,"column":16},"end":{"line":75,"column":24}},"line":75},"14":{"name":"(anonymous_14)","decl":{"start":{"line":76,"column":12},"end":{"line":76,"column":13}},"loc":{"start":{"line":76,"column":19},"end":{"line":76,"column":27}},"line":76},"15":{"name":"(anonymous_15)","decl":{"start":{"line":78,"column":12},"end":{"line":78,"column":13}},"loc":{"start":{"line":78,"column":19},"end":{"line":78,"column":28}},"line":78},"16":{"name":"(anonymous_16)","decl":{"start":{"line":84,"column":35},"end":{"line":84,"column":36}},"loc":{"start":{"line":84,"column":91},"end":{"line":89,"column":null}},"line":84},"17":{"name":"(anonymous_17)","decl":{"start":{"line":88,"column":19},"end":{"line":88,"column":20}},"loc":{"start":{"line":88,"column":26},"end":{"line":88,"column":75}},"line":88},"18":{"name":"(anonymous_18)","decl":{"start":{"line":94,"column":20},"end":{"line":94,"column":24}},"loc":{"start":{"line":94,"column":65},"end":{"line":96,"column":null}},"line":94},"19":{"name":"(anonymous_19)","decl":{"start":{"line":101,"column":24},"end":{"line":101,"column":25}},"loc":{"start":{"line":101,"column":52},"end":{"line":108,"column":null}},"line":101},"20":{"name":"(anonymous_20)","decl":{"start":{"line":113,"column":26},"end":{"line":113,"column":27}},"loc":{"start":{"line":113,"column":71},"end":{"line":118,"column":null}},"line":113},"21":{"name":"(anonymous_21)","decl":{"start":{"line":117,"column":20},"end":{"line":117,"column":21}},"loc":{"start":{"line":117,"column":36},"end":{"line":117,"column":55}},"line":117}},"branchMap":{"0":{"loc":{"start":{"line":19,"column":50},"end":{"line":19,"column":59}},"type":"default-arg","locations":[{"start":{"line":19,"column":56},"end":{"line":19,"column":59}}],"line":19},"1":{"loc":{"start":{"line":19,"column":59},"end":{"line":19,"column":83}},"type":"default-arg","locations":[{"start":{"line":19,"column":65},"end":{"line":19,"column":83}}],"line":19},"2":{"loc":{"start":{"line":26,"column":50},"end":{"line":26,"column":59}},"type":"default-arg","locations":[{"start":{"line":26,"column":56},"end":{"line":26,"column":59}}],"line":26},"3":{"loc":{"start":{"line":26,"column":59},"end":{"line":26,"column":83}},"type":"default-arg","locations":[{"start":{"line":26,"column":65},"end":{"line":26,"column":83}}],"line":26},"4":{"loc":{"start":{"line":34,"column":57},"end":{"line":34,"column":66}},"type":"default-arg","locations":[{"start":{"line":34,"column":63},"end":{"line":34,"column":66}}],"line":34},"5":{"loc":{"start":{"line":34,"column":66},"end":{"line":34,"column":90}},"type":"default-arg","locations":[{"start":{"line":34,"column":72},"end":{"line":34,"column":90}}],"line":34},"6":{"loc":{"start":{"line":42,"column":56},"end":{"line":42,"column":65}},"type":"default-arg","locations":[{"start":{"line":42,"column":62},"end":{"line":42,"column":65}}],"line":42},"7":{"loc":{"start":{"line":42,"column":65},"end":{"line":42,"column":89}},"type":"default-arg","locations":[{"start":{"line":42,"column":71},"end":{"line":42,"column":89}}],"line":42},"8":{"loc":{"start":{"line":65,"column":42},"end":{"line":65,"column":67}},"type":"default-arg","locations":[{"start":{"line":65,"column":53},"end":{"line":65,"column":67}}],"line":65},"9":{"loc":{"start":{"line":84,"column":51},"end":{"line":84,"column":64}},"type":"default-arg","locations":[{"start":{"line":84,"column":61},"end":{"line":84,"column":64}}],"line":84},"10":{"loc":{"start":{"line":84,"column":64},"end":{"line":84,"column":91}},"type":"default-arg","locations":[{"start":{"line":84,"column":74},"end":{"line":84,"column":91}}],"line":84},"11":{"loc":{"start":{"line":85,"column":2},"end":{"line":87,"column":null}},"type":"if","locations":[{"start":{"line":85,"column":2},"end":{"line":87,"column":null}},{"start":{},"end":{}}],"line":85},"12":{"loc":{"start":{"line":85,"column":6},"end":{"line":85,"column":52}},"type":"binary-expr","locations":[{"start":{"line":85,"column":6},"end":{"line":85,"column":30}},{"start":{"line":85,"column":30},"end":{"line":85,"column":52}}],"line":85},"13":{"loc":{"start":{"line":88,"column":26},"end":{"line":88,"column":75}},"type":"binary-expr","locations":[{"start":{"line":88,"column":26},"end":{"line":88,"column":51}},{"start":{"line":88,"column":51},"end":{"line":88,"column":64}},{"start":{"line":88,"column":64},"end":{"line":88,"column":75}}],"line":88},"14":{"loc":{"start":{"line":103,"column":4},"end":{"line":105,"column":null}},"type":"if","locations":[{"start":{"line":103,"column":4},"end":{"line":105,"column":null}},{"start":{},"end":{}}],"line":103},"15":{"loc":{"start":{"line":114,"column":2},"end":{"line":116,"column":null}},"type":"if","locations":[{"start":{"line":114,"column":2},"end":{"line":116,"column":null}},{"start":{},"end":{}}],"line":114}},"s":{"0":1,"1":0,"2":0,"3":1,"4":0,"5":0,"6":1,"7":4,"8":80,"9":1,"10":0,"11":0,"12":0,"13":1,"14":0,"15":0,"16":0,"17":1,"18":0,"19":0,"20":0,"21":0,"22":0,"23":0,"24":0,"25":0,"26":1,"27":0,"28":1,"29":0,"30":1,"31":0,"32":0,"33":0,"34":0,"35":1,"36":0,"37":0,"38":0,"39":0,"40":1,"41":3,"42":1,"43":5,"44":5,"45":10,"46":1,"47":4,"48":1,"49":4,"50":1,"51":3,"52":6},"f":{"0":0,"1":0,"2":0,"3":4,"4":80,"5":0,"6":0,"7":0,"8":0,"9":0,"10":0,"11":0,"12":0,"13":0,"14":0,"15":0,"16":0,"17":0,"18":3,"19":5,"20":4,"21":6},"b":{"0":[4],"1":[4],"2":[0],"3":[0],"4":[0],"5":[0],"6":[0],"7":[0],"8":[0],"9":[0],"10":[0],"11":[0,0],"12":[0,0],"13":[0,0,0],"14":[1,9],"15":[1,3]},"meta":{"lastBranch":16,"lastFunction":22,"lastStatement":53,"seen":{"s:4:33:7:Infinity":0,"f:4:33:4:34":0,"s:5:20:5:Infinity":1,"s:6:2:6:Infinity":2,"s:12:21:14:Infinity":3,"f:12:21:12:22":1,"s:13:2:13:Infinity":4,"f:13:21:13:22":2,"s:13:34:13:57":5,"s:19:35:21:Infinity":6,"f:19:35:19:36":3,"b:19:56:19:59":0,"b:19:65:19:83":1,"s:20:2:20:Infinity":7,"f:20:38:20:44":4,"s:20:44:20:93":8,"s:26:35:29:Infinity":9,"f:26:35:26:36":5,"b:26:56:26:59":2,"b:26:65:26:83":3,"s:27:14:27:Infinity":10,"s:28:2:28:Infinity":11,"f:28:18:28:19":6,"s:28:28:28:33":12,"s:34:42:37:Infinity":13,"f:34:42:34:43":7,"b:34:63:34:66":4,"b:34:72:34:90":5,"s:35:14:35:Infinity":14,"s:36:2:36:Infinity":15,"f:36:18:36:19":8,"s:36:28:36:33":16,"s:42:41:53:Infinity":17,"f:42:41:42:42":9,"b:42:62:42:65":6,"b:42:71:42:89":7,"s:43:14:43:Infinity":18,"s:44:16:44:Infinity":19,"s:46:2:50:Infinity":20,"s:46:15:46:18":21,"s:47:17:47:Infinity":22,"s:48:17:48:Infinity":23,"s:49:4:49:Infinity":24,"s:52:2:52:Infinity":25,"s:58:21:60:Infinity":26,"f:58:21:58:22":10,"s:59:2:59:Infinity":27,"s:65:28:67:Infinity":28,"f:65:28:65:29":11,"b:65:53:65:67":8,"s:66:2:66:Infinity":29,"s:72:32:79:Infinity":30,"f:72:32:72:33":12,"s:73:2:78:Infinity":31,"f:75:9:75:10":13,"s:75:16:75:24":32,"f:76:12:76:13":14,"s:76:19:76:27":33,"f:78:12:78:13":15,"s:78:19:78:28":34,"s:84:35:89:Infinity":35,"f:84:35:84:36":16,"b:84:61:84:64":9,"b:84:74:84:91":10,"b:85:2:87:Infinity:undefined:undefined:undefined:undefined":11,"s:85:2:87:Infinity":36,"b:85:6:85:30:85:30:85:52":12,"s:86:4:86:Infinity":37,"s:88:2:88:Infinity":38,"f:88:19:88:20":17,"s:88:26:88:75":39,"b:88:26:88:51:88:51:88:64:88:64:88:75":13,"s:94:20:96:Infinity":40,"f:94:20:94:24":18,"s:95:2:95:Infinity":41,"s:101:24:108:Infinity":42,"f:101:24:101:25":19,"s:102:2:106:Infinity":43,"s:102:15:102:18":44,"b:103:4:105:Infinity:undefined:undefined:undefined:undefined":14,"s:103:4:105:Infinity":45,"s:104:6:104:Infinity":46,"s:107:2:107:Infinity":47,"s:113:26:118:Infinity":48,"f:113:26:113:27":20,"b:114:2:116:Infinity:undefined:undefined:undefined:undefined":15,"s:114:2:116:Infinity":49,"s:115:4:115:Infinity":50,"s:117:2:117:Infinity":51,"f:117:20:117:21":21,"s:117:36:117:55":52}}}
}
